<?xml version="1.0" encoding="UTF-8"?>
<testng-results ignored="0" total="3" passed="2" failed="1" skipped="0">
  <reporter-output>
  </reporter-output>
  <suite started-at="2026-08-18T09:43:48 IST" name="Default suite" finished-at="2026-08-18T09:44:14 IST" duration-ms="25578">
    <groups>
      <group name="cucumber">
        <method signature="AbstractTestNGCucumberTests.runScenario(io.cucumber.testng.PickleWrapper,io.cucumber.testng.FeatureWrapper)[pri:0, instance:com.runner.TestRunner@2f61f937]" name="runScenario" class="io.cucumber.testng.AbstractTestNGCucumberTests"/>
      </group> <!-- cucumber -->
    </groups>
    <test started-at="2026-08-18T09:43:48 IST" name="Default test" finished-at="2026-08-18T09:44:14 IST" duration-ms="25578">
      <class name="com.runner.TestRunner">
        <test-method is-config="true" signature="setUpClass(org.testng.ITestContext)[pri:0, instance:com.runner.TestRunner@2f61f937]" started-at="2026-08-18T09:43:48 IST" name="setUpClass" finished-at="2026-08-18T09:43:50 IST" duration-ms="1494" status="PASS">
          <params>
            <param index="0">
              <value>
                <![CDATA[org.testng.TestRunner@257da215]]>
              </value>
            </param>
          </params>
          <reporter-output>
          </reporter-output>
        </test-method> <!-- setUpClass -->
        <test-method signature="runScenario(io.cucumber.testng.PickleWrapper,io.cucumber.testng.FeatureWrapper)[pri:0, instance:com.runner.TestRunner@2f61f937]" started-at="2026-08-18T09:43:50 IST" name="runScenario" description="Runs Cucumber Scenarios" data-provider="scenarios" finished-at="2026-08-18T09:44:06 IST" duration-ms="16064" status="PASS">
          <params>
            <param index="0">
              <value>
                <![CDATA["Verify leave entitlement details for a valid leave type"]]>
              </value>
            </param>
            <param index="1">
              <value>
                <![CDATA["Subhashree_17Aug_2026_ScriptX_OrangeHRM File for Employee Leave Entitlement"]]>
              </value>
            </param>
          </params>
          <reporter-output>
          </reporter-output>
        </test-method> <!-- runScenario -->
        <test-method signature="runScenario(io.cucumber.testng.PickleWrapper,io.cucumber.testng.FeatureWrapper)[pri:0, instance:com.runner.TestRunner@2f61f937]" started-at="2026-08-18T09:43:50 IST" name="runScenario" description="Runs Cucumber Scenarios" data-provider="scenarios" finished-at="2026-08-18T09:44:08 IST" duration-ms="18717" status="PASS">
          <params>
            <param index="0">
              <value>
                <![CDATA["Verify Total Days displayed without selecting leave type"]]>
              </value>
            </param>
            <param index="1">
              <value>
                <![CDATA["Subhashree_17Aug_2026_ScriptX_OrangeHRM File for Employee Leave Entitlement"]]>
              </value>
            </param>
          </params>
          <reporter-output>
          </reporter-output>
        </test-method> <!-- runScenario -->
        <test-method signature="runScenario(io.cucumber.testng.PickleWrapper,io.cucumber.testng.FeatureWrapper)[pri:0, instance:com.runner.TestRunner@2f61f937]" started-at="2026-08-18T09:43:50 IST" name="runScenario" description="Runs Cucumber Scenarios" data-provider="scenarios" finished-at="2026-08-18T09:44:09 IST" duration-ms="19771" status="FAIL">
          <params>
            <param index="0">
              <value>
                <![CDATA["Verify No Records Found for a mismatched leave period"]]>
              </value>
            </param>
            <param index="1">
              <value>
                <![CDATA["Subhashree_17Aug_2026_ScriptX_OrangeHRM File for Employee Leave Entitlement"]]>
              </value>
            </param>
          </params>
          <exception class="java.lang.AssertionError">
            <message>
              <![CDATA[Leave Period mismatch. Expected: 2024-01-01 - 2024-31-12 but actual: 2026-01-01 - 2026-31-12]]>
            </message>
            <full-stacktrace>
              <![CDATA[java.lang.AssertionError: Leave Period mismatch. Expected: 2024-01-01 - 2024-31-12 but actual: 2026-01-01 - 2026-31-12
at com.pages.EmployeeLeaveMyEntitlement_Page.verifySelectedLeavePeriod(EmployeeLeaveMyEntitlement_Page.java:214)
at com.pages.EmployeeLeaveMyEntitlement_Page.selectLeavePeriod(EmployeeLeaveMyEntitlement_Page.java:191)
at com.actions.EmployeeLeaveMyEntitlement_Actions.selectLeavePeriod(EmployeeLeaveMyEntitlement_Actions.java:35)
at com.stepdefinitions.EmployeeLeaveMyEntitlement_Steps.user_selects_leave_period(EmployeeLeaveMyEntitlement_Steps.java:24)
at ✽.user selects leave period "2024-01-01 - 2024-31-12"(file:///C:/Users/Subha%20Shree/git/ScriptX_OrangeHRM/src/test/resources/features/EmployeeLeaveMyEntitlement.feature:20)
]]>
            </full-stacktrace>
          </exception> <!-- java.lang.AssertionError -->
          <reporter-output>
          </reporter-output>
        </test-method> <!-- runScenario -->
        <test-method is-config="true" signature="tearDownClass()[pri:0, instance:com.runner.TestRunner@2f61f937]" started-at="2026-08-18T09:44:09 IST" name="tearDownClass" finished-at="2026-08-18T09:44:14 IST" duration-ms="4237" status="PASS">
          <reporter-output>
          </reporter-output>
        </test-method> <!-- tearDownClass -->
      </class> <!-- com.runner.TestRunner -->
    </test> <!-- Default test -->
  </suite> <!-- Default suite -->
</testng-results>
