<?xml version="1.0" encoding="UTF-8"?>
<testng-results ignored="0" total="2" passed="2" failed="0" skipped="0">
  <reporter-output>
  </reporter-output>
  <suite started-at="2026-06-15T14:14:24 IST" name="Default suite" finished-at="2026-06-15T14:15:09 IST" duration-ms="44502">
    <groups>
      <group name="cucumber">
        <method signature="AbstractTestNGCucumberTests.runScenario(io.cucumber.testng.PickleWrapper,io.cucumber.testng.FeatureWrapper)[pri:0, instance:com.runner.TestRunner@42b21d99]" name="runScenario" class="io.cucumber.testng.AbstractTestNGCucumberTests"/>
      </group> <!-- cucumber -->
    </groups>
    <test started-at="2026-06-15T14:14:24 IST" name="Default test" finished-at="2026-06-15T14:15:09 IST" duration-ms="44502">
      <class name="com.runner.TestRunner">
        <test-method is-config="true" signature="setUpClass(org.testng.ITestContext)[pri:0, instance:com.runner.TestRunner@42b21d99]" started-at="2026-06-15T14:14:24 IST" name="setUpClass" finished-at="2026-06-15T14:14:27 IST" duration-ms="2177" status="PASS">
          <params>
            <param index="0">
              <value>
                <![CDATA[org.testng.TestRunner@68024e57]]>
              </value>
            </param>
          </params>
          <reporter-output>
          </reporter-output>
        </test-method> <!-- setUpClass -->
        <test-method signature="runScenario(io.cucumber.testng.PickleWrapper,io.cucumber.testng.FeatureWrapper)[pri:0, instance:com.runner.TestRunner@42b21d99]" started-at="2026-06-15T14:14:27 IST" name="runScenario" description="Runs Cucumber Scenarios" data-provider="scenarios" finished-at="2026-06-15T14:15:05 IST" duration-ms="37960" status="PASS">
          <params>
            <param index="0">
              <value>
                <![CDATA["Verify leave status for applied leave"]]>
              </value>
            </param>
            <param index="1">
              <value>
                <![CDATA["Employee Leave List"]]>
              </value>
            </param>
          </params>
          <reporter-output>
          </reporter-output>
        </test-method> <!-- runScenario -->
        <test-method signature="runScenario(io.cucumber.testng.PickleWrapper,io.cucumber.testng.FeatureWrapper)[pri:0, instance:com.runner.TestRunner@42b21d99]" started-at="2026-06-15T14:14:27 IST" name="runScenario" description="Runs Cucumber Scenarios" data-provider="scenarios" finished-at="2026-06-15T14:15:02 IST" duration-ms="35352" status="PASS">
          <params>
            <param index="0">
              <value>
                <![CDATA["Verify remaining leave balance"]]>
              </value>
            </param>
            <param index="1">
              <value>
                <![CDATA["Employee Leave List"]]>
              </value>
            </param>
          </params>
          <reporter-output>
          </reporter-output>
        </test-method> <!-- runScenario -->
        <test-method is-config="true" signature="tearDownClass()[pri:0, instance:com.runner.TestRunner@42b21d99]" started-at="2026-06-15T14:15:05 IST" name="tearDownClass" finished-at="2026-06-15T14:15:09 IST" duration-ms="4265" status="PASS">
          <reporter-output>
          </reporter-output>
        </test-method> <!-- tearDownClass -->
      </class> <!-- com.runner.TestRunner -->
    </test> <!-- Default test -->
  </suite> <!-- Default suite -->
</testng-results>
